<?xml version="1.0" encoding="UTF-8"?>
<!-- Generated by org.testng.reporters.JUnitXMLReporter -->
<testsuite ignored="0" hostname="DESKTOP-GRKK7EO" failures="0" tests="6" name="TestRunner-Chrome" time="3.892" errors="0" timestamp="2024-05-20T14:16:41 BST">
  <testcase classname="practice.testNG.basics.CreateContactBSBCBTBMTAMATACASTest" name="CreateContact" time="0.0">
    <skipped/>
  </testcase> <!-- CreateContact -->
  <testcase classname="practice.testNG.basics.CreateContactBSBCBTBMTAMATACASTest" name="CreateOrg" time="0.0">
    <skipped/>
  </testcase> <!-- CreateOrg -->
  <testcase classname="practice.testNG.basics.CreateContactBSBCBTBMTAMATACASTest" name="CreateOrgwithIndustry" time="0.0">
    <skipped/>
  </testcase> <!-- CreateOrgwithIndustry -->
  <testcase classname="practice.pom.repository.CreateContactDataProviderTest" name="createContactTest" time="0.005"/>
  <testcase classname="practice.pom.repository.CreateContactDataProviderTest" name="createContactTest" time="0.002"/>
  <testcase classname="practice.pom.repository.CreateContactDataProviderTest" name="createContactTest" time="0.001"/>
</testsuite> <!-- TestRunner-Chrome -->
