<?xml version="1.0" encoding="UTF-8"?>
<testng-results ignored="0" total="3" passed="3" failed="0" skipped="0">
  <reporter-output>
  </reporter-output>
  <suite started-at="2024-05-21T19:31:17 IST" name="Suite" finished-at="2024-05-21T19:31:17 IST" duration-ms="97">
    <groups>
      <group name="SmokeTest">
        <method signature="CreateContactBSBCBTBMTAMATACASTest.CreateContact()[pri:0, instance:practice.testNG.basics.CreateContactBSBCBTBMTAMATACASTest@10683d9d]" name="CreateContact" class="practice.testNG.basics.CreateContactBSBCBTBMTAMATACASTest"/>
      </group> <!-- SmokeTest -->
      <group name="RegressionTest">
        <method signature="CreateContactBSBCBTBMTAMATACASTest.CreateContact()[pri:0, instance:practice.testNG.basics.CreateContactBSBCBTBMTAMATACASTest@10683d9d]" name="CreateContact" class="practice.testNG.basics.CreateContactBSBCBTBMTAMATACASTest"/>
        <method signature="CreateContactBSBCBTBMTAMATACASTest.CreateOrg()[pri:0, instance:practice.testNG.basics.CreateContactBSBCBTBMTAMATACASTest@10683d9d]" name="CreateOrg" class="practice.testNG.basics.CreateContactBSBCBTBMTAMATACASTest"/>
        <method signature="CreateContactBSBCBTBMTAMATACASTest.CreateOrgwithIndustry()[pri:0, instance:practice.testNG.basics.CreateContactBSBCBTBMTAMATACASTest@10683d9d]" name="CreateOrgwithIndustry" class="practice.testNG.basics.CreateContactBSBCBTBMTAMATACASTest"/>
      </group> <!-- RegressionTest -->
    </groups>
    <test started-at="2024-05-21T19:31:17 IST" name="Test" finished-at="2024-05-21T19:31:17 IST" duration-ms="97">
      <class name="practice.testNG.basics.CreateContactBSBCBTBMTAMATACASTest">
        <test-method signature="CreateContact()[pri:0, instance:practice.testNG.basics.CreateContactBSBCBTBMTAMATACASTest@10683d9d]" started-at="2024-05-21T19:31:17 IST" name="CreateContact" finished-at="2024-05-21T19:31:17 IST" duration-ms="29" status="PASS">
          <reporter-output>
          </reporter-output>
        </test-method> <!-- CreateContact -->
        <test-method signature="CreateOrg()[pri:0, instance:practice.testNG.basics.CreateContactBSBCBTBMTAMATACASTest@10683d9d]" started-at="2024-05-21T19:31:17 IST" name="CreateOrg" finished-at="2024-05-21T19:31:17 IST" duration-ms="3" status="PASS">
          <reporter-output>
          </reporter-output>
        </test-method> <!-- CreateOrg -->
        <test-method signature="CreateOrgwithIndustry()[pri:0, instance:practice.testNG.basics.CreateContactBSBCBTBMTAMATACASTest@10683d9d]" started-at="2024-05-21T19:31:17 IST" name="CreateOrgwithIndustry" finished-at="2024-05-21T19:31:17 IST" duration-ms="2" status="PASS">
          <reporter-output>
          </reporter-output>
        </test-method> <!-- CreateOrgwithIndustry -->
      </class> <!-- practice.testNG.basics.CreateContactBSBCBTBMTAMATACASTest -->
    </test> <!-- Test -->
  </suite> <!-- Suite -->
</testng-results>
